[INFO  - 2018-04-02T06:13:18.798Z] GhostDriver - Main - running on port 58025
[INFO  - 2018-04-02T06:13:22.316Z] Session [f2221e20-363c-11e8-af10-6d14eb6dcc67] - page.settings - {"XSSAuditingEnabled":false,"javascriptCanCloseWindows":true,"javascriptCanOpenWindows":true,"javascriptEnabled":true,"loadImages":true,"localToRemoteUrlAccessEnabled":false,"userAgent":"Mozilla/5.0 (Windows NT 6.2; WOW64) AppleWebKit/538.1 (KHTML, like Gecko) PhantomJS/2.1.1 Safari/538.1","webSecurityEnabled":true}
[INFO  - 2018-04-02T06:13:22.317Z] Session [f2221e20-363c-11e8-af10-6d14eb6dcc67] - page.customHeaders:  - {}
[INFO  - 2018-04-02T06:13:22.317Z] Session [f2221e20-363c-11e8-af10-6d14eb6dcc67] - Session.negotiatedCapabilities - {"browserName":"phantomjs","version":"2.1.1","driverName":"ghostdriver","driverVersion":"1.2.0","platform":"windows-10-32bit","javascriptEnabled":true,"takesScreenshot":true,"handlesAlerts":false,"databaseEnabled":false,"locationContextEnabled":false,"applicationCacheEnabled":false,"browserConnectionEnabled":false,"cssSelectorsEnabled":true,"webStorageEnabled":false,"rotatable":false,"acceptSslCerts":false,"nativeEvents":true,"proxy":{"proxyType":"direct"}}
[INFO  - 2018-04-02T06:13:22.317Z] SessionManagerReqHand - _postNewSessionCommand - New Session Created: f2221e20-363c-11e8-af10-6d14eb6dcc67
[ERROR - 2018-04-02T06:13:24.541Z] Session [f2221e20-363c-11e8-af10-6d14eb6dcc67] - page.onError - msg: TypeError: undefined is not a constructor (evaluating 'this.current.play()')

  phantomjs://platform/console++.js:263 in error
[ERROR - 2018-04-02T06:13:24.543Z] Session [f2221e20-363c-11e8-af10-6d14eb6dcc67] - page.onError - stack:
  value (https://cdn.bootcss.com/dplayer/1.5.1/DPlayer.min.js:1)
  value (https://cdn.bootcss.com/dplayer/1.5.1/DPlayer.min.js:1)
  e (https://cdn.bootcss.com/dplayer/1.5.1/DPlayer.min.js:1)
  (anonymous function) (http://www.a305.org/x1/tong.php?url=http://v.youku.com/v_show/id_XMzQ2MzMwOTIyOA==.html?spm=a2h03.8164468.2967961.11:133)
  c (http://www.a305.org/x1/ckplayer/jquery.min.js:3)
  fireWith (http://www.a305.org/x1/ckplayer/jquery.min.js:3)
  k (http://www.a305.org/x1/ckplayer/jquery.min.js:5)
  r (http://www.a305.org/x1/ckplayer/jquery.min.js:5)

  phantomjs://platform/console++.js:263 in error
[ERROR - 2018-04-02T06:13:26.585Z] Session [f2221e20-363c-11e8-af10-6d14eb6dcc67] - page.onError - msg: TypeError: undefined is not a constructor (evaluating 'this.current.play()')

  phantomjs://platform/console++.js:263 in error
[ERROR - 2018-04-02T06:13:26.585Z] Session [f2221e20-363c-11e8-af10-6d14eb6dcc67] - page.onError - stack:
  value (https://cdn.bootcss.com/dplayer/1.5.1/DPlayer.min.js:1)
  value (https://cdn.bootcss.com/dplayer/1.5.1/DPlayer.min.js:1)
  e (https://cdn.bootcss.com/dplayer/1.5.1/DPlayer.min.js:1)
  (anonymous function) (http://www.a305.org/x1/tong.php?url=http://v.youku.com/v_show/id_XMzQ2MzMwOTIyOA==.html?spm=a2h03.8164468.2967961.11:133)
  c (http://www.a305.org/x1/ckplayer/jquery.min.js:3)
  fireWith (http://www.a305.org/x1/ckplayer/jquery.min.js:3)
  k (http://www.a305.org/x1/ckplayer/jquery.min.js:5)
  r (http://www.a305.org/x1/ckplayer/jquery.min.js:5)

  phantomjs://platform/console++.js:263 in error
